\BOOKMARK [0][-]{chapter.1}{\376\377\000I\000n\000t\000r\000o\000d\000u\000c\000t\000i\000o\000n}{}% 1
\BOOKMARK [1][-]{section.1.1}{\376\377\000I\000n\000t\000r\000o\000d\000u\000c\000t\000i\000o\000n}{chapter.1}% 2
\BOOKMARK [1][-]{section.1.2}{\376\377\000S\000t\000o\000r\000a\000g\000e}{chapter.1}% 3
\BOOKMARK [1][-]{section.1.3}{\376\377\000M\000e\000m\000o\000r\000y\000\040\000u\000s\000a\000g\000e}{chapter.1}% 4
\BOOKMARK [1][-]{section.1.4}{\376\377\000M\000e\000m\000o\000r\000y\000\040\000u\000s\000a\000g\000e\000\040\000e\000l\000s\000e\000w\000h\000e\000r\000e}{chapter.1}% 5
\BOOKMARK [0][-]{chapter.2}{\376\377\000W\000r\000i\000t\000i\000n\000g\000\040\000P\000r\000o\000g\000r\000a\000m\000s\000\040\000i\000n\000\040\000S\000u\000p\000e\000r\000B\000A\000S\000I\000C}{}% 6
\BOOKMARK [1][-]{section.2.1}{\376\377\000W\000r\000i\000t\000i\000n\000g\000\040\000p\000r\000o\000g\000r\000a\000m\000s}{chapter.2}% 7
\BOOKMARK [0][-]{chapter.3}{\376\377\000I\000d\000e\000n\000t\000i\000f\000i\000e\000r\000s\000,\000\040\000V\000a\000r\000i\000a\000b\000l\000e\000s\000\040\000a\000n\000d\000\040\000t\000y\000p\000i\000n\000g}{}% 8
\BOOKMARK [1][-]{section.3.1}{\376\377\000P\000r\000o\000c\000e\000d\000u\000r\000e\000\040\000a\000n\000d\000\040\000v\000a\000r\000i\000a\000b\000l\000e\000\040\000n\000a\000m\000i\000n\000g}{chapter.3}% 9
\BOOKMARK [1][-]{section.3.2}{\376\377\000T\000y\000p\000e\000s}{chapter.3}% 10
\BOOKMARK [1][-]{section.3.3}{\376\377\000A\000r\000r\000a\000y\000s}{chapter.3}% 11
\BOOKMARK [0][-]{chapter.4}{\376\377\000S\000t\000r\000u\000c\000t\000u\000r\000e\000d\000\040\000P\000r\000o\000g\000r\000a\000m\000m\000i\000n\000g}{}% 12
\BOOKMARK [1][-]{section.4.1}{\376\377\000N\000a\000m\000e\000d\000\040\000p\000r\000o\000c\000e\000d\000u\000r\000e\000s}{chapter.4}% 13
\BOOKMARK [1][-]{section.4.2}{\376\377\000W\000h\000i\000l\000e\000\040\000a\000n\000d\000\040\000R\000e\000p\000e\000a\000t}{chapter.4}% 14
\BOOKMARK [1][-]{section.4.3}{\376\377\000F\000o\000r\000\040\000l\000o\000o\000p\000s\000\040}{chapter.4}% 15
\BOOKMARK [1][-]{section.4.4}{\376\377\000I\000f\000\040\000.\000.\000.\000\040\000E\000l\000s\000e\000\040\000.\000.\000.\000\040\000E\000n\000d\000i\000f}{chapter.4}% 16
\BOOKMARK [0][-]{chapter.5}{\376\377\000G\000r\000a\000p\000h\000i\000c\000s}{}% 17
\BOOKMARK [1][-]{section.5.1}{\376\377\000I\000n\000t\000r\000o\000d\000u\000c\000t\000i\000o\000n}{chapter.5}% 18
\BOOKMARK [1][-]{section.5.2}{\376\377\000B\000i\000t\000m\000a\000p\000\040\000G\000r\000a\000p\000h\000i\000c\000s}{chapter.5}% 19
\BOOKMARK [1][-]{section.5.3}{\376\377\000G\000r\000a\000p\000h\000i\000c\000s\000\040\000M\000o\000d\000i\000f\000i\000e\000r\000s\000\040\000a\000n\000d\000\040\000A\000c\000t\000i\000o\000n\000s}{chapter.5}% 20
\BOOKMARK [1][-]{section.5.4}{\376\377\000S\000o\000m\000e\000\040\000u\000s\000e\000f\000u\000l\000\040\000e\000x\000a\000m\000p\000l\000e\000s}{chapter.5}% 21
\BOOKMARK [1][-]{section.5.5}{\376\377\000R\000a\000n\000g\000e\000s}{chapter.5}% 22
\BOOKMARK [0][-]{chapter.6}{\376\377\000T\000i\000l\000e\000s\000\040\000a\000n\000d\000\040\000T\000i\000l\000e\000\040\000M\000a\000p\000s}{}% 23
\BOOKMARK [1][-]{section.6.1}{\376\377\000I\000n\000t\000r\000o\000d\000u\000c\000t\000i\000o\000n}{chapter.6}% 24
\BOOKMARK [1][-]{section.6.2}{\376\377\000S\000e\000t\000t\000i\000n\000g\000\040\000u\000p\000\040\000a\000\040\000T\000i\000l\000e\000\040\000M\000a\000p}{chapter.6}% 25
\BOOKMARK [1][-]{section.6.3}{\376\377\000M\000a\000n\000i\000p\000u\000l\000a\000t\000i\000n\000g\000\040\000a\000\040\000T\000i\000l\000e\000\040\000M\000a\000p}{chapter.6}% 26
\BOOKMARK [1][-]{section.6.4}{\376\377\000D\000a\000t\000a\000\040\000f\000o\000r\000m\000a\000t\000s}{chapter.6}% 27
\BOOKMARK [0][-]{chapter.7}{\376\377\000S\000p\000r\000i\000t\000e\000s}{}% 28
\BOOKMARK [1][-]{section.7.1}{\376\377\000I\000n\000t\000r\000o\000d\000u\000c\000t\000i\000o\000n}{chapter.7}% 29
\BOOKMARK [1][-]{section.7.2}{\376\377\000C\000r\000e\000a\000t\000i\000n\000g\000\040\000s\000p\000r\000i\000t\000e\000s}{chapter.7}% 30
\BOOKMARK [1][-]{section.7.3}{\376\377\000G\000e\000t\000t\000i\000n\000g\000\040\000i\000m\000a\000g\000e\000s}{chapter.7}% 31
\BOOKMARK [1][-]{section.7.4}{\376\377\000B\000u\000i\000l\000d\000i\000n\000g\000\040\000a\000\040\000s\000p\000r\000i\000t\000e\000\040\000d\000a\000t\000a\000\040\000s\000e\000t}{chapter.7}% 32
\BOOKMARK [1][-]{section.7.5}{\376\377\000D\000a\000t\000a\000\040\000f\000o\000r\000m\000a\000t}{chapter.7}% 33
\BOOKMARK [0][-]{chapter.8}{\376\377\000S\000o\000u\000n\000d}{}% 34
\BOOKMARK [1][-]{section.8.1}{\376\377\000I\000n\000t\000r\000o\000d\000u\000c\000t\000i\000o\000n}{chapter.8}% 35
\BOOKMARK [1][-]{section.8.2}{\376\377\000C\000h\000a\000n\000n\000e\000l\000s}{chapter.8}% 36
\BOOKMARK [1][-]{section.8.3}{\376\377\000E\000a\000s\000y\000\040\000c\000o\000m\000m\000a\000n\000d\000s}{chapter.8}% 37
\BOOKMARK [0][-]{chapter.9}{\376\377\000I\000n\000l\000i\000n\000e\000\040\000A\000s\000s\000e\000m\000b\000l\000y}{}% 38
\BOOKMARK [1][-]{section.9.1}{\376\377\000H\000o\000w\000\040\000i\000t\000\040\000w\000o\000r\000k\000s}{chapter.9}% 39
\BOOKMARK [1][-]{section.9.2}{\376\377\000T\000h\000e\000\040\000A\000s\000s\000e\000m\000b\000l\000e\000\040\000c\000o\000m\000m\000a\000n\000d}{chapter.9}% 40
\BOOKMARK [1][-]{section.9.3}{\376\377\000T\000w\000o\000\040\000p\000a\000s\000s\000\040\000A\000s\000s\000e\000m\000b\000l\000y}{chapter.9}% 41
\BOOKMARK [1][-]{section.9.4}{\376\377\000L\000i\000m\000i\000t\000a\000t\000i\000o\000n\000s}{chapter.9}% 42
\BOOKMARK [0][-]{chapter.10}{\376\377\000C\000r\000o\000s\000s\000\040\000D\000e\000v\000e\000l\000o\000p\000m\000e\000n\000t\000\040\000o\000f\000\040\000B\000A\000S\000I\000C\000\040\000P\000r\000o\000g\000r\000a\000m\000s}{}% 43
\BOOKMARK [1][-]{section.10.1}{\376\377\000A\000s\000s\000i\000s\000t\000a\000n\000c\000e}{chapter.10}% 44
\BOOKMARK [1][-]{section.10.2}{\376\377\000C\000o\000n\000n\000e\000c\000t\000i\000o\000n}{chapter.10}% 45
\BOOKMARK [1][-]{section.10.3}{\376\377\000S\000o\000f\000t\000w\000a\000r\000e}{chapter.10}% 46
\BOOKMARK [1][-]{section.10.4}{\376\377\000B\000A\000S\000I\000C}{chapter.10}% 47
\BOOKMARK [1][-]{section.10.5}{\376\377\000U\000p\000l\000o\000a\000d\000i\000n\000g\000\040\000a\000n\000d\000\040\000r\000u\000n\000n\000i\000n\000g}{chapter.10}% 48
\BOOKMARK [1][-]{section.10.6}{\376\377\000M\000e\000m\000o\000r\000y\000\040\000U\000s\000e}{chapter.10}% 49
\BOOKMARK [1][-]{section.10.7}{\376\377\000S\000p\000r\000i\000t\000e\000s}{chapter.10}% 50
\BOOKMARK [0][-]{chapter.11}{\376\377\000K\000e\000y\000w\000o\000r\000d\000\040\000R\000e\000f\000e\000r\000e\000n\000c\000e}{}% 51
